#
# There is insufficient memory for the Java Runtime Environment to continue.
# Native memory allocation (mmap) failed to map 65011712 bytes for G1 virtual space
# Possible reasons:
#   The system is out of physical RAM or swap space
#   The process is running with CompressedOops enabled, and the Java Heap may be blocking the growth of the native heap
# Possible solutions:
#   Reduce memory load on the system
#   Increase physical memory or swap space
#   Check if swap backing store is full
#   Decrease Java heap size (-Xmx/-Xms)
#   Decrease number of Java threads
#   Decrease Java thread stack sizes (-Xss)
#   Set larger code cache with -XX:ReservedCodeCacheSize=
#   JVM is running with Unscaled Compressed Oops mode in which the Java heap is
#     placed in the first 4GB address space. The Java Heap base address is the
#     maximum limit for the native heap growth. Please use -XX:HeapBaseMinAddress
#     to set the Java Heap base and to place the Java Heap above 4GB virtual address.
# This output file may be truncated or incomplete.
#
#  Out of Memory Error (os_windows.cpp:3600), pid=8908, tid=7708
#
# JRE version:  (21.0.2+13) (build )
# Java VM: Java HotSpot(TM) 64-Bit Server VM (21.0.2+13-LTS-58, mixed mode, sharing, tiered, compressed oops, compressed class ptrs, g1 gc, windows-amd64)
# No core dump will be written. Minidumps are not enabled by default on client versions of Windows
#

---------------  S U M M A R Y ------------

Command Line: MLingkaran

Host: AMD A4-9125 RADEON R3, 4 COMPUTE CORES 2C+2G   , 2 cores, 3G,  Windows 10 , 64 bit Build 19041 (10.0.19041.3636)
Time: Tue Mar 19 17:28:16 2024 SE Asia Standard Time elapsed time: 0.395086 seconds (0d 0h 0m 0s)

---------------  T H R E A D  ---------------

Current thread (0x0000020a5e9285a0):  JavaThread "Unknown thread" [_thread_in_vm, id=7708, stack(0x000000f143f00000,0x000000f144000000) (1024K)]

Stack: [0x000000f143f00000,0x000000f144000000]
Native frames: (J=compiled Java code, j=interpreted, Vv=VM code, C=native code)
V  [jvm.dll+0x6cade9]
V  [jvm.dll+0x8569c1]
V  [jvm.dll+0x858d2e]
V  [jvm.dll+0x859413]
V  [jvm.dll+0x280e56]
V  [jvm.dll+0x6c74d5]
V  [jvm.dll+0x6bbeca]
V  [jvm.dll+0x355bca]
V  [jvm.dll+0x35d816]
V  [jvm.dll+0x3ae67e]
V  [jvm.dll+0x3ae928]
V  [jvm.dll+0x3295dc]
V  [jvm.dll+0x32a16b]
V  [jvm.dll+0x81efa9]
V  [jvm.dll+0x3bba01]
V  [jvm.dll+0x807928]
V  [jvm.dll+0x44f50e]
V  [jvm.dll+0x450e11]
C  [jli.dll+0x52a3]
C  [ucrtbase.dll+0x21bb2]
C  [KERNEL32.DLL+0x17344]
C  [ntdll.dll+0x526b1]


---------------  P R O C E S S  ---------------

Threads class SMR info:
_java_thread_list=0x00007ffc25c1bb88, length=0, elements={
}

Java Threads: ( => current thread )
Total: 0

Other Threads:
  0x0000020a60b0eda0 WorkerThread "GC Thread#0"                     [id=11236, stack(0x000000f144100000,0x000000f144200000) (1024K)]
  0x0000020a60b198b0 ConcurrentGCThread "G1 Main Marker"            [id=8444, stack(0x000000f144200000,0x000000f144300000) (1024K)]
  0x0000020a60b1aad0 WorkerThread "G1 Conc#0"                       [id=7932, stack(0x000000f144300000,0x000000f144400000) (1024K)]

[error occurred during error reporting (printing all threads), id 0xc0000005, EXCEPTION_ACCESS_VIOLATION (0xc0000005) at pc=0x00007ffc2538c6a7]
VM state: not at safepoint (not fully initialized)

VM Mutex/Monitor currently owned by a thread:  ([mutex/lock_event])
[0x00007ffc25c8ce68] Heap_lock - owner thread: 0x0000020a5e9285a0

Heap address: 0x00000000c2000000, size: 992 MB, Compressed Oops mode: 32-bit

CDS archive(s) mapped at: [0x0000000000000000-0x0000000000000000-0x0000000000000000), size 0, SharedBaseAddress: 0x0000000800000000, ArchiveRelocationMode: 1.
Narrow klass base: 0x0000000000000000, Narrow klass shift: 0, Narrow klass range: 0x0

GC Precious Log:
 CardTable entry size: 512
 Card Set container configuration: InlinePtr #cards 5 size 8 Array Of Cards #cards 12 size 40 Howl #buckets 4 coarsen threshold 1843 Howl Bitmap #cards 512 size 80 coarsen threshold 460 Card regions per heap region 1 cards per card region 2048

Heap:
 garbage-first heap   total 0K, used 0K [0x00000000c2000000, 0x0000000100000000)
  region size 1024K, 0 young (0K), 0 survivors (0K)

[error occurred during error reporting (printing heap information), id 0xc0000005, EXCEPTION_ACCESS_VIOLATION (0xc0000005) at pc=0x00007ffc257739f9]
GC Heap History (0 events):
No events

Dll operation events (1 events):
Event: 0.026 Loaded shared library C:\Program Files\Java\jdk-21\bin\java.dll

Deoptimization events (0 events):
No events

Classes loaded (0 events):
No events

Classes unloaded (0 events):
No events

Classes redefined (0 events):
No events

Internal exceptions (0 events):
No events

ZGC Phase Switch (0 events):
No events

VM Operations (0 events):
No events

Events (0 events):
No events


Dynamic libraries:
0x00007ff72dd60000 - 0x00007ff72dd70000 	C:\Program Files\Java\jdk-21\bin\java.exe
0x00007ffc5c6f0000 - 0x00007ffc5c8e8000 	C:\WINDOWS\SYSTEM32\ntdll.dll
0x00007ffc5a760000 - 0x00007ffc5a81d000 	C:\WINDOWS\System32\KERNEL32.DLL
0x00007ffc5a300000 - 0x00007ffc5a5f6000 	C:\WINDOWS\System32\KERNELBASE.dll
0x00007ffc59f60000 - 0x00007ffc5a060000 	C:\WINDOWS\System32\ucrtbase.dll
0x00007ffc521c0000 - 0x00007ffc521d9000 	C:\Program Files\Java\jdk-21\bin\jli.dll
0x00007ffc5c060000 - 0x00007ffc5c110000 	C:\WINDOWS\System32\ADVAPI32.dll
0x00007ffc5b450000 - 0x00007ffc5b4ee000 	C:\WINDOWS\System32\msvcrt.dll
0x00007ffc5ac40000 - 0x00007ffc5ace0000 	C:\WINDOWS\System32\sechost.dll
0x00007ffc5c450000 - 0x00007ffc5c575000 	C:\WINDOWS\System32\RPCRT4.dll
0x00007ffc59e50000 - 0x00007ffc59e77000 	C:\WINDOWS\System32\bcrypt.dll
0x00007ffc5a820000 - 0x00007ffc5a9be000 	C:\WINDOWS\System32\USER32.dll
0x00007ffc5a2d0000 - 0x00007ffc5a2f2000 	C:\WINDOWS\System32\win32u.dll
0x00007ffc5c400000 - 0x00007ffc5c42b000 	C:\WINDOWS\System32\GDI32.dll
0x00007ffc5a600000 - 0x00007ffc5a717000 	C:\WINDOWS\System32\gdi32full.dll
0x00007ffc5a230000 - 0x00007ffc5a2cd000 	C:\WINDOWS\System32\msvcp_win.dll
0x00007ffc52120000 - 0x00007ffc5213b000 	C:\Program Files\Java\jdk-21\bin\VCRUNTIME140.dll
0x00007ffc4aae0000 - 0x00007ffc4ad7a000 	C:\WINDOWS\WinSxS\amd64_microsoft.windows.common-controls_6595b64144ccf1df_6.0.19041.3636_none_60b6a03d71f818d5\COMCTL32.dll
0x00007ffc50f20000 - 0x00007ffc50f2a000 	C:\WINDOWS\SYSTEM32\VERSION.dll
0x00007ffc5a720000 - 0x00007ffc5a752000 	C:\WINDOWS\System32\IMM32.DLL
0x00007ffc55480000 - 0x00007ffc5548c000 	C:\Program Files\Java\jdk-21\bin\vcruntime140_1.dll
0x00007ffc4f140000 - 0x00007ffc4f1ce000 	C:\Program Files\Java\jdk-21\bin\msvcp140.dll
0x00007ffc25050000 - 0x00007ffc25d67000 	C:\Program Files\Java\jdk-21\bin\server\jvm.dll
0x00007ffc5b670000 - 0x00007ffc5b6db000 	C:\WINDOWS\System32\WS2_32.dll
0x00007ffc59b50000 - 0x00007ffc59b9b000 	C:\WINDOWS\SYSTEM32\POWRPROF.dll
0x00007ffc50f30000 - 0x00007ffc50f57000 	C:\WINDOWS\SYSTEM32\WINMM.dll
0x00007ffc59b20000 - 0x00007ffc59b32000 	C:\WINDOWS\SYSTEM32\UMPDC.dll
0x00007ffc585e0000 - 0x00007ffc585f2000 	C:\WINDOWS\SYSTEM32\kernel.appcore.dll
0x00007ffc53050000 - 0x00007ffc5305a000 	C:\Program Files\Java\jdk-21\bin\jimage.dll
0x00007ffc4b520000 - 0x00007ffc4b704000 	C:\WINDOWS\SYSTEM32\DBGHELP.DLL
0x00007ffc42e40000 - 0x00007ffc42e74000 	C:\WINDOWS\SYSTEM32\dbgcore.DLL
0x00007ffc59e80000 - 0x00007ffc59f02000 	C:\WINDOWS\System32\bcryptPrimitives.dll
0x00007ffc51df0000 - 0x00007ffc51e0f000 	C:\Program Files\Java\jdk-21\bin\java.dll

dbghelp: loaded successfully - version: 4.0.5 - missing functions: none
symbol engine: initialized successfully - sym options: 0x614 - pdb path: .;C:\Program Files\Java\jdk-21\bin;C:\WINDOWS\SYSTEM32;C:\WINDOWS\WinSxS\amd64_microsoft.windows.common-controls_6595b64144ccf1df_6.0.19041.3636_none_60b6a03d71f818d5;C:\Program Files\Java\jdk-21\bin\server

VM Arguments:
java_command: MLingkaran
java_class_path (initial): .
Launcher Type: SUN_STANDARD

[Global flags]
     intx CICompilerCount                          = 2                                         {product} {ergonomic}
     uint ConcGCThreads                            = 1                                         {product} {ergonomic}
     uint G1ConcRefinementThreads                  = 2                                         {product} {ergonomic}
   size_t G1HeapRegionSize                         = 1048576                                   {product} {ergonomic}
    uintx GCDrainStackTargetSize                   = 64                                        {product} {ergonomic}
   size_t InitialHeapSize                          = 65011712                                  {product} {ergonomic}
   size_t MarkStackSize                            = 4194304                                   {product} {ergonomic}
   size_t MaxHeapSize                              = 1040187392                                {product} {ergonomic}
   size_t MinHeapDeltaBytes                        = 1048576                                   {product} {ergonomic}
   size_t MinHeapSize                              = 8388608                                   {product} {ergonomic}
    uintx NonNMethodCodeHeapSize                   = 5826188                                {pd product} {ergonomic}
    uintx NonProfiledCodeHeapSize                  = 122916026                              {pd product} {ergonomic}
     bool PerfDisableSharedMem                     = true                                      {product} {ergonomic}
    uintx ProfiledCodeHeapSize                     = 122916026                              {pd product} {ergonomic}
    uintx ReservedCodeCacheSize                    = 251658240                              {pd product} {ergonomic}
     bool SegmentedCodeCache                       = true                                      {product} {ergonomic}
   size_t SoftMaxHeapSize                          = 1040187392                             {manageable} {ergonomic}
     bool UseCompressedOops                        = true                           {product lp64_product} {ergonomic}
     bool UseG1GC                                  = true                                      {product} {ergonomic}
     bool UseLargePagesIndividualAllocation        = false                                  {pd product} {ergonomic}

Logging:
Log output configuration:
 #0: stdout all=warning uptime,level,tags foldmultilines=false
 #1: stderr all=off uptime,level,tags foldmultilines=false

Environment Variables:
JAVA_HOME=C:\Users\Gamer\AppData\Local\Programs\Eclipse Adoptium\jdk-17.0.10.7-hotspot\
PATH=C:\Program Files (x86)\VMware\VMware Workstation\bin\;C:\WINDOWS\system32;C:\WINDOWS;C:\WINDOWS\System32\Wbem;C:\WINDOWS\System32\WindowsPowerShell\v1.0\;C:\WINDOWS\System32\OpenSSH\;C:\Program Files\Microsoft\Web Platform Installer\;C:\Program Files (x86)\Microsoft ASP.NET\ASP.NET Web Pages\v1.0\;C:\Program Files (x86)\Windows Kits\8.0\Windows Performance Toolkit\;C:\Program Files\Microsoft SQL Server\110\Tools\Binn\;C:\Program Files\dotnet\;C:\Program Files\Java\jdk-21\bin;C:\Program Files (x86)\Microsoft SQL Server\160\DTS\Binn\;C:\Program Files\Azure Data Studio\bin;C:\Users\Gamer\AppData\Local\Programs\Eclipse Adoptium\jdk-17.0.10.7-hotspot\bin;C:\Program Files\MySQL\MySQL Shell 8.0\bin\;C:\Users\Gamer\AppData\Local\Programs\Python\Python310\Scripts\;C:\Users\Gamer\AppData\Local\Programs\Python\Python310\;C:\Program Files (x86)\Microsoft Visual Studio\Common\Tools\WinNT;C:\Program Files (x86)\Microsoft Visual Studio\Common\MSDev98\Bin;C:\Program Files (x86)\Microsoft Visual Studio\Common\Tools;C:\Program Files (x86)\Microsoft Visual Studio\VC98\bin;C:\Users\Gamer\AppData\Local\Microsoft\WindowsApps;C:\Program Files\CodeBlocks\MinGW\bin;;C:\Users\Gamer\AppData\Local\Programs\Microsoft VS Code\bin;C:\Program Files\Azure Data Studio\bin
USERNAME=Gamer
LANG=en_US.UTF-8
OS=Windows_NT
PROCESSOR_IDENTIFIER=AMD64 Family 21 Model 112 Stepping 0, AuthenticAMD
TMP=C:\Users\Gamer\AppData\Local\Temp
TEMP=C:\Users\Gamer\AppData\Local\Temp




Periodic native trim disabled

---------------  S Y S T E M  ---------------

OS:
 Windows 10 , 64 bit Build 19041 (10.0.19041.3636)
OS uptime: 0 days 2:25 hours

CPU: total 2 (initial active 2) (2 cores per cpu, 1 threads per core) family 21 model 112 stepping 0 microcode 0x0, cx8, cmov, fxsr, mmx, 3dnowpref, sse, sse2, sse3, ssse3, sse4a, sse4.1, sse4.2, popcnt, lzcnt, tsc, tscinvbit, avx, avx2, aes, clmul, bmi1, bmi2, fma, vzeroupper, clflush, rdtscp, f16c
Processor Information for all 2 processors :
  Max Mhz: 2300, Current Mhz: 2300, Mhz Limit: 2300

Memory: 4k page, system-wide physical 3963M (408M free)
TotalPageFile size 7291M (AvailPageFile size 19M)
current process WorkingSet (physical memory assigned to process): 10M, peak: 10M
current process commit charge ("private bytes"): 47M, peak: 109M

vm_info: Java HotSpot(TM) 64-Bit Server VM (21.0.2+13-LTS-58) for windows-amd64 JRE (21.0.2+13-LTS-58), built on 2024-01-05T18:32:24Z by "mach5one" with MS VC++ 17.1 (VS2022)

END.
